[69674][1651719042076][main][info]["Booting Postman 9.16.0, linux-5.17.5-arch1-1 on x64"]
[69674][1651719042078][main][info]["EventBus~initialize - Success"]
[69674][1651719042079][main][info]["Proxy configuration has not been setup"]
[69674][1651719042080][main][info]["CloudProxyManager~init - Success"]
[69674][1651719042084][main][info]["UpdateHandler~init - Success"]
[69674][1651719042085][main][info]["LeaderSelection: Initialized successfully"]
[69674][1651719042086][main][info]["VersionDependencyService: Initialized successfully"]
[69674][1651719042093][main][info]["LinuxAutoUpdater~Cleanup - Initial cleanup successful"]
[69674][1651719042095][main][info]["Generated root certificate for linux"]
[69674][1651719042104][main][info]["GPU detected VID 4098 DID 29663 ACTIVE true"]
[69674][1651719042108][main][info]["Bootstrap-models~bootstrap - Success"]
[69674][1651719042461][main][info]["RuntimeIPCAgent~started: Success"]
[69674][1651719043433][main][info]["UpdateHandler~app-update-events - Received event",{"name":"checkForElectronVersionUpdated","namespace":"appUpdate"}]
[69674][1651719043443][main][info]["windowManager: First requester booted successfully."]
[69674][1651719043443][main][info]["windowManager~restoreWindows: Restoring requester windows"]
[69674][1651719043443][main][info]["Main~AppEvents - Received booted event for process requester.Version undefined UI Version: undefined Desktop Platform Version: 9.16.0"]
[69674][1651719046805][main][info]["VersionDependencyService: Resetting UI version as user logged out/switched account"]
[69674][1651719046806][main][info]["Main - model-events~user - (users, add) received"]
[69674][1651719046978][main][warn]["AuthHandler~open: Current app is not default protocol client - Falling back to polling mechanism."]
[69674][1651719077883][main][info]["Main - model-events~user - (authentication, get_auth_info) received"]
[69674][1651719077884][main][info]["Main - model-events~user - (authentication, authenticated) received"]
[69674][1651719077886][main][info]["UpdateHandler~app-update-events - Received event",{"name":"checkForElectronVersionUpdated","namespace":"appUpdate"}]
[69674][1651719077896][main][info]["windowManager: First requester booted successfully."]
[69674][1651719077897][main][info]["windowManager~restoreWindows: Restoring requester windows"]
[69674][1651719077897][main][info]["Main~AppEvents - Received booted event for process requester.Version 9.17.1 UI Version: 9.17.1-ui-220427-0630 Desktop Platform Version: 9.16.0"]
[69674][1651719078089][main][info]["Main - model-events~user - (user, update) received"]
[69674][1651719081265][main][info]["Main - model-events~user - (authentication, get_auth_info) received"]
[69674][1651719081266][main][info]["Main - model-events~user - (authentication, authenticated) received"]
[69674][1651719081269][main][info]["UpdateHandler~app-update-events - Received event",{"name":"checkForElectronVersionUpdated","namespace":"appUpdate"}]
[69674][1651719081279][main][info]["Main~AppEvents - Received booted event for process requester.Version 9.17.1 UI Version: 9.17.1-ui-220427-0630 Desktop Platform Version: 9.16.0"]
[69674][1651719081486][main][info]["Main - model-events~user - (user, update) received"]
[69674][1651719082187][main][info]["Main - model-events~user - (user, bootstrapUser) received"]
[69674][1651719082568][main][info]["Main - model-events~user - (user, bootstrapUser) received"]
[69674][1651720502194][main][info]["WindowManager~closeHandler - Closed Window (id: 3 )"]
[69674][1651720502205][main][info]["Quitting app"]
[107201][1651731111486][main][info]["Booting Postman 9.16.0, linux-5.17.5-arch1-1 on x64"]
[107201][1651731111488][main][info]["EventBus~initialize - Success"]
[107201][1651731111489][main][info]["Proxy configuration has not been setup"]
[107201][1651731111490][main][info]["CloudProxyManager~init - Success"]
[107201][1651731111496][main][info]["UpdateHandler~init - Success"]
[107201][1651731111497][main][info]["LeaderSelection: Initialized successfully"]
[107201][1651731111498][main][info]["VersionDependencyService: Initialized successfully"]
[107201][1651731111506][main][info]["LinuxAutoUpdater~Cleanup - Initial cleanup successful"]
[107201][1651731111511][main][info]["GPU detected VID 4098 DID 29663 ACTIVE true"]
[107201][1651731111519][main][info]["Bootstrap-models~bootstrap - Success"]
[107201][1651731111867][main][info]["RuntimeIPCAgent~started: Success"]
[107201][1651731114824][main][info]["UpdateHandler~app-update-events - Received event",{"name":"checkForElectronVersionUpdated","namespace":"appUpdate"}]
[107201][1651731114834][main][info]["windowManager: First requester booted successfully."]
[107201][1651731114834][main][info]["windowManager~restoreWindows: Restoring requester windows"]
[107201][1651731114834][main][info]["Main~AppEvents - Received booted event for process requester.Version 9.17.1 UI Version: 9.17.1-ui-220427-0630 Desktop Platform Version: 9.16.0"]
[107201][1651731124433][main][info]["Main - model-events~user - (user, bootstrapUser) received"]
[107201][1651734054240][main][info]["WindowManager~closeHandler - Closed Window (id: 1 )"]
[107201][1651734054250][main][info]["Quitting app"]
