[69674][1651719042261][shell][info]["EventBus~initialize - Success"]
[69674][1651719042266][shell][info]["bootShellCrashReporter~ Success"]
[69674][1651719042463][shell][info]["shellController~init: Success"]
[69674][1651719042463][shell][info]["shellMeta~init: Success"]
[69674][1651719042463][shell][info]["partitionMigrationService: State of V7 partition:"]
[69674][1651719042463][shell][info]["partitionMigrationService: V7 partitions",[]]
[69674][1651719042463][shell][info]["partitionMigrationService: V7 lastActiveUser",null]
[69674][1651719042463][shell][info]["partitionMigrationService: V7 activePartition",null]
[69674][1651719042464][shell][info]["partitionMigrationService: V7 isPartitionDirty",null]
[69674][1651719042464][shell][info]["partitionMigrationService~rectifyNamespaceOfScratchPadPartition: There is no partition with scratchpad namespace"]
[69674][1651719042464][shell][info]["partitionMigrationService~rectifyNamespaceOfScratchPadPartition: There is no transit partition which could have been used for scratchpad"]
[69674][1651719042464][shell][info]["partitionMigrationService~init: Success"]
[69674][1651719042464][shell][info]["partitionMigrationService~runV8PartitionsIntegrity: Two way migration~ removing the following partitions from v8",[]]
[69674][1651719042465][shell][info]["userPartitionService~_rectifyTheActivePartitionOfApplication: Setting the active partition to ",null]
[69674][1651719042465][shell][info]["userPartitionService~init: Success"]
[69674][1651719042465][shell][info]["userPartitionService: State of v8 partition system:"]
[69674][1651719042465][shell][info]["userPartitionService: List of partitions:",[]]
[69674][1651719042465][shell][info]["userPartitionService: users global meta:",{"activePartition":null}]
[69674][1651719042466][shell][info]["shell~init~getPartitionToLoad: loading scratchpad partition"]
[69674][1651719042468][shell][info]["init~setViewAttributes - Initializing view with opts:"]
[69674][1651719042468][shell][info]["Shell~init~setViewAttributes: passing scratchpad partition id as ","0dc68460-3c0e-4db9-a5db-571647e01666"]
[69674][1651719042468][shell][info]["Shell~init~setViewAttributes: do we have any logged in users? ",false]
[69674][1651719042468][shell][info]["init~setViewAttributes - Success"]
[69674][1651719043443][shell][info]["Shell~init~sendUsersDataToRenderer",[]]
[69674][1651719043465][shell][info]["Shell~init~sendUsersDataToRenderer",[]]
[69674][1651719074566][shell][info]["EventBus~initialize - Success"]
[69674][1651719074570][shell][info]["bootShellCrashReporter~ Success"]
[69674][1651719074577][shell][info]["shellController~init: Success"]
[69674][1651719074577][shell][info]["shellMeta~init: Success"]
[69674][1651719074577][shell][info]["partitionMigrationService: State of V7 partition:"]
[69674][1651719074577][shell][info]["partitionMigrationService: V7 partitions",[]]
[69674][1651719074578][shell][info]["partitionMigrationService: V7 lastActiveUser",null]
[69674][1651719074578][shell][info]["partitionMigrationService: V7 activePartition",null]
[69674][1651719074578][shell][info]["partitionMigrationService: V7 isPartitionDirty",null]
[69674][1651719074578][shell][info]["partitionMigrationService~init: Success"]
[69674][1651719074578][shell][info]["partitionMigrationService~runV8PartitionsIntegrity: Two way migration~ removing the following partitions from v8",[]]
[69674][1651719074578][shell][info]["userPartitionService~_rectifyTheActivePartitionOfApplication: Setting the active partition to ",null]
[69674][1651719074579][shell][info]["userPartitionService~init: Success"]
[69674][1651719074579][shell][info]["Shell~init~loginUser: associating the user ","20823877"," with transit partition"]
[69674][1651719074580][shell][info]["userPartitionService~associateTransitPartition: ",{"partitionId":"1c223b38-93b4-4c28-b940-145093d4d60f","context":{"namespace":"users","userId":"20823877","teamId":"0"}}]
[69674][1651719074580][shell][info]["userPartitionService: State of v8 partition system:"]
[69674][1651719074581][shell][info]["userPartitionService: List of partitions:",[{"partitionId":"1c223b38-93b4-4c28-b940-145093d4d60f","namespace":"users","userId":"20823877","teamId":"0","lastUpdated":"2022-05-05T02:51:14.580Z"},{"partitionId":"0dc68460-3c0e-4db9-a5db-571647e01666","namespace":"scratchPad","userId":0,"teamId":0,"isDirty":false}]]
[69674][1651719074581][shell][info]["userPartitionService: users global meta:",{"activePartition":null}]
[69674][1651719074582][shell][info]["init~setViewAttributes - Initializing view with opts:"]
[69674][1651719074583][shell][info]["Shell~init~setViewAttributes: passing scratchpad partition id as ","0dc68460-3c0e-4db9-a5db-571647e01666"]
[69674][1651719074583][shell][info]["Shell~init~setViewAttributes: do we have any logged in users? ",true]
[69674][1651719074583][shell][info]["init~setViewAttributes - Success"]
[69674][1651719077896][shell][info]["Shell~init~sendUsersDataToRenderer",["20823877"]]
[69674][1651719078137][shell][info]["EventBus~initialize - Success"]
[69674][1651719078138][shell][info]["bootShellCrashReporter~ Success"]
[69674][1651719078143][shell][info]["shellController~init: Success"]
[69674][1651719078143][shell][info]["shellMeta~init: Success"]
[69674][1651719078143][shell][info]["partitionMigrationService: State of V7 partition:"]
[69674][1651719078144][shell][info]["partitionMigrationService: V7 partitions",[]]
[69674][1651719078144][shell][info]["partitionMigrationService: V7 lastActiveUser",null]
[69674][1651719078144][shell][info]["partitionMigrationService: V7 activePartition",null]
[69674][1651719078144][shell][info]["partitionMigrationService: V7 isPartitionDirty",null]
[69674][1651719078144][shell][info]["partitionMigrationService~init: Success"]
[69674][1651719078144][shell][info]["partitionMigrationService~runV8PartitionsIntegrity: Two way migration~ removing the following partitions from v8",[]]
[69674][1651719078144][shell][info]["userPartitionService~getRecentV8UserPartition: recent v8 user context partition ","1c223b38-93b4-4c28-b940-145093d4d60f"]
[69674][1651719078145][shell][info]["userPartitionService~_rectifyTheActivePartitionOfApplication: Setting the active partition to ","1c223b38-93b4-4c28-b940-145093d4d60f"]
[69674][1651719078145][shell][info]["userPartitionService~init: Success"]
[69674][1651719078145][shell][info]["Shell~init~loginUser: Updating existing user details"]
[69674][1651719078145][shell][info]["userPartitionService~associateTransitPartition: ",{"partitionId":"1c223b38-93b4-4c28-b940-145093d4d60f","context":{"namespace":"users","userId":"20823877","teamId":"0"}}]
[69674][1651719078145][shell][info]["userPartitionService: State of v8 partition system:"]
[69674][1651719078146][shell][info]["userPartitionService: List of partitions:",[{"partitionId":"1c223b38-93b4-4c28-b940-145093d4d60f","namespace":"users","userId":"20823877","teamId":"0","lastUpdated":"2022-05-05T02:51:18.145Z"},{"partitionId":"0dc68460-3c0e-4db9-a5db-571647e01666","namespace":"scratchPad","userId":0,"teamId":0,"isDirty":false}]]
[69674][1651719078146][shell][info]["userPartitionService: users global meta:",{"activePartition":"1c223b38-93b4-4c28-b940-145093d4d60f"}]
[69674][1651719078146][shell][info]["init~setViewAttributes - Initializing view with opts:"]
[69674][1651719078147][shell][info]["Shell~init~setViewAttributes: passing scratchpad partition id as ","0dc68460-3c0e-4db9-a5db-571647e01666"]
[69674][1651719078147][shell][info]["Shell~init~setViewAttributes: do we have any logged in users? ",true]
[69674][1651719078148][shell][info]["init~setViewAttributes - Success"]
[69674][1651719081279][shell][info]["Shell~init~sendUsersDataToRenderer",["20823877"]]
[69674][1651719082187][shell][info]["model-events~user - bootstrapUser received"]
[69674][1651719082189][shell][info]["userPartitionService~associateTransitPartition: ",{"partitionId":"1c223b38-93b4-4c28-b940-145093d4d60f","context":{"namespace":"users","userId":"20823877","teamId":"0"}}]
[69674][1651719082189][shell][info]["userPartitionService: State of v8 partition system:"]
[69674][1651719082189][shell][info]["userPartitionService: List of partitions:",[{"partitionId":"1c223b38-93b4-4c28-b940-145093d4d60f","namespace":"users","userId":"20823877","teamId":"0","lastUpdated":"2022-05-05T02:51:22.189Z"},{"partitionId":"0dc68460-3c0e-4db9-a5db-571647e01666","namespace":"scratchPad","userId":0,"teamId":0,"isDirty":false}]]
[69674][1651719082190][shell][info]["userPartitionService: users global meta:",{"activePartition":"1c223b38-93b4-4c28-b940-145093d4d60f"}]
[69674][1651719082569][shell][info]["model-events~user - bootstrapUser received"]
[69674][1651719082569][shell][info]["userPartitionService~associateTransitPartition: ",{"partitionId":"1c223b38-93b4-4c28-b940-145093d4d60f","context":{"namespace":"users","userId":"20823877","teamId":"0"}}]
[69674][1651719082570][shell][info]["userPartitionService: State of v8 partition system:"]
[69674][1651719082570][shell][info]["userPartitionService: List of partitions:",[{"partitionId":"1c223b38-93b4-4c28-b940-145093d4d60f","namespace":"users","userId":"20823877","teamId":"0","lastUpdated":"2022-05-05T02:51:22.569Z"},{"partitionId":"0dc68460-3c0e-4db9-a5db-571647e01666","namespace":"scratchPad","userId":0,"teamId":0,"isDirty":false}]]
[69674][1651719082570][shell][info]["userPartitionService: users global meta:",{"activePartition":"1c223b38-93b4-4c28-b940-145093d4d60f"}]
[107201][1651731111682][shell][info]["EventBus~initialize - Success"]
[107201][1651731111686][shell][info]["bootShellCrashReporter~ Success"]
[107201][1651731111868][shell][info]["shellController~init: Success"]
[107201][1651731111869][shell][info]["shellMeta~init: Success"]
[107201][1651731111869][shell][info]["partitionMigrationService: State of V7 partition:"]
[107201][1651731111869][shell][info]["partitionMigrationService: V7 partitions",[]]
[107201][1651731111869][shell][info]["partitionMigrationService: V7 lastActiveUser",null]
[107201][1651731111869][shell][info]["partitionMigrationService: V7 activePartition",null]
[107201][1651731111869][shell][info]["partitionMigrationService: V7 isPartitionDirty",null]
[107201][1651731111870][shell][info]["partitionMigrationService~init: Success"]
[107201][1651731111870][shell][info]["partitionMigrationService~runV8PartitionsIntegrity: Two way migration~ removing the following partitions from v8",[]]
[107201][1651731111871][shell][info]["userPartitionService~getRecentV8UserPartition: recent v8 user context partition ","1c223b38-93b4-4c28-b940-145093d4d60f"]
[107201][1651731111871][shell][info]["userPartitionService~_rectifyTheActivePartitionOfApplication: Setting the active partition to ","1c223b38-93b4-4c28-b940-145093d4d60f"]
[107201][1651731111871][shell][info]["userPartitionService~init: Success"]
[107201][1651731111871][shell][info]["userPartitionService: State of v8 partition system:"]
[107201][1651731111872][shell][info]["userPartitionService: List of partitions:",[{"partitionId":"1c223b38-93b4-4c28-b940-145093d4d60f","namespace":"users","userId":"20823877","teamId":"0","lastUpdated":"2022-05-05T02:51:22.569Z"},{"partitionId":"0dc68460-3c0e-4db9-a5db-571647e01666","namespace":"scratchPad","userId":0,"teamId":0,"isDirty":false}]]
[107201][1651731111872][shell][info]["userPartitionService: users global meta:",{"activePartition":"1c223b38-93b4-4c28-b940-145093d4d60f"}]
[107201][1651731111872][shell][info]["shell~init~getPartitionToLoad: loading active partition"]
[107201][1651731111873][shell][info]["init~setViewAttributes - Initializing view with opts:"]
[107201][1651731111875][shell][info]["Shell~init~setViewAttributes: passing scratchpad partition id as ","0dc68460-3c0e-4db9-a5db-571647e01666"]
[107201][1651731111876][shell][info]["Shell~init~setViewAttributes: do we have any logged in users? ",true]
[107201][1651731111876][shell][info]["init~setViewAttributes - Success"]
[107201][1651731114834][shell][info]["Shell~init~sendUsersDataToRenderer",["20823877"]]
[107201][1651731124435][shell][info]["model-events~user - bootstrapUser received"]
[107201][1651731124437][shell][info]["userPartitionService~associateTransitPartition: ",{"partitionId":"1c223b38-93b4-4c28-b940-145093d4d60f","context":{"namespace":"users","userId":"20823877","teamId":"0"}}]
[107201][1651731124437][shell][info]["userPartitionService: State of v8 partition system:"]
[107201][1651731124438][shell][info]["userPartitionService: List of partitions:",[{"partitionId":"1c223b38-93b4-4c28-b940-145093d4d60f","namespace":"users","userId":"20823877","teamId":"0","lastUpdated":"2022-05-05T06:12:04.437Z"},{"partitionId":"0dc68460-3c0e-4db9-a5db-571647e01666","namespace":"scratchPad","userId":0,"teamId":0,"isDirty":false}]]
[107201][1651731124438][shell][info]["userPartitionService: users global meta:",{"activePartition":"1c223b38-93b4-4c28-b940-145093d4d60f"}]
